{"/Users/harbs/Projects/mercadolibre/meliBackend/src/app.ts": {"path":"/Users/harbs/Projects/mercadolibre/meliBackend/src/app.ts","statementMap":{"0":{"start":{"line":1,"column":0},"end":{"line":1,"column":30}},"1":{"start":{"line":2,"column":0},"end":{"line":2,"column":28}},"2":{"start":{"line":3,"column":0},"end":{"line":3,"column":40}},"3":{"start":{"line":4,"column":0},"end":{"line":4,"column":37}},"4":{"start":{"line":5,"column":0},"end":{"line":5,"column":47}},"5":{"start":{"line":6,"column":0},"end":{"line":6,"column":24}},"6":{"start":{"line":7,"column":0},"end":{"line":7,"column":42}},"7":{"start":{"line":8,"column":0},"end":{"line":8,"column":61}},"8":{"start":{"line":10,"column":0},"end":{"line":10,"column":16}},"9":{"start":{"line":12,"column":0},"end":{"line":12,"column":null}},"10":{"start":{"line":16,"column":8},"end":{"line":16,"column":32}},"11":{"start":{"line":17,"column":8},"end":{"line":17,"column":27}},"12":{"start":{"line":18,"column":8},"end":{"line":18,"column":22}},"13":{"start":{"line":19,"column":8},"end":{"line":19,"column":29}},"14":{"start":{"line":22,"column":11},"end":{"line":30,"column":null}},"15":{"start":{"line":23,"column":8},"end":{"line":23,"column":32}},"16":{"start":{"line":24,"column":8},"end":{"line":24,"column":43}},"17":{"start":{"line":25,"column":8},"end":{"line":29,"column":10}},"18":{"start":{"line":32,"column":12},"end":{"line":35,"column":null}},"19":{"start":{"line":33,"column":8},"end":{"line":33,"column":41}},"20":{"start":{"line":34,"column":8},"end":{"line":34,"column":40}},"21":{"start":{"line":37,"column":12},"end":{"line":39,"column":null}},"22":{"start":{"line":38,"column":8},"end":{"line":38,"column":40}},"23":{"start":{"line":40,"column":0},"end":{"line":40,"column":null}},"24":{"start":{"line":42,"column":0},"end":{"line":42,"column":32}}},"fnMap":{"0":{"name":"(anonymous_1)","decl":{"start":{"line":12,"column":0},"end":{"line":12,"column":null}},"loc":{"start":{"line":12,"column":0},"end":{"line":40,"column":null}}},"1":{"name":"App","decl":{"start":{"line":15,"column":4},"end":{"line":15,"column":null}},"loc":{"start":{"line":15,"column":4},"end":{"line":20,"column":5}}},"2":{"name":"(anonymous_3)","decl":{"start":{"line":22,"column":4},"end":{"line":22,"column":11}},"loc":{"start":{"line":22,"column":4},"end":{"line":30,"column":5}}},"3":{"name":"(anonymous_4)","decl":{"start":{"line":32,"column":4},"end":{"line":32,"column":12}},"loc":{"start":{"line":32,"column":4},"end":{"line":35,"column":5}}},"4":{"name":"(anonymous_5)","decl":{"start":{"line":37,"column":4},"end":{"line":37,"column":12}},"loc":{"start":{"line":37,"column":4},"end":{"line":39,"column":5}}}},"branchMap":{},"s":{"0":4,"1":4,"2":4,"3":4,"4":4,"5":4,"6":4,"7":4,"8":4,"9":4,"10":4,"11":4,"12":4,"13":4,"14":4,"15":4,"16":4,"17":4,"18":4,"19":4,"20":4,"21":4,"22":4,"23":4,"24":4},"f":{"0":4,"1":4,"2":4,"3":4,"4":4},"b":{}}
,"/Users/harbs/Projects/mercadolibre/meliBackend/src/__tests__/unit/mock/search.mock.ts": {"path":"/Users/harbs/Projects/mercadolibre/meliBackend/src/__tests__/unit/mock/search.mock.ts","statementMap":{"0":{"start":{"line":1,"column":13},"end":{"line":28,"column":2}},"1":{"start":{"line":30,"column":13},"end":{"line":78,"column":2}},"2":{"start":{"line":80,"column":13},"end":{"line":91,"column":2}},"3":{"start":{"line":93,"column":13},"end":{"line":380,"column":2}},"4":{"start":{"line":382,"column":13},"end":{"line":410,"column":null}},"5":{"start":{"line":412,"column":13},"end":{"line":1010,"column":2}}},"fnMap":{},"branchMap":{},"s":{"0":1,"1":1,"2":1,"3":1,"4":1,"5":1},"f":{},"b":{}}
,"/Users/harbs/Projects/mercadolibre/meliBackend/src/configs/environment.config.ts": {"path":"/Users/harbs/Projects/mercadolibre/meliBackend/src/configs/environment.config.ts","statementMap":{"0":{"start":{"line":1,"column":0},"end":{"line":1,"column":72}},"1":{"start":{"line":2,"column":0},"end":{"line":2,"column":29}},"2":{"start":{"line":3,"column":13},"end":{"line":3,"column":42}},"3":{"start":{"line":5,"column":0},"end":{"line":10,"column":5}},"4":{"start":{"line":6,"column":2},"end":{"line":6,"column":63}},"5":{"start":{"line":7,"column":19},"end":{"line":7,"column":39}},"6":{"start":{"line":8,"column":18},"end":{"line":8,"column":69}},"7":{"start":{"line":9,"column":2},"end":{"line":9,"column":20}},"8":{"start":{"line":12,"column":16},"end":{"line":29,"column":2}},"9":{"start":{"line":30,"column":0},"end":{"line":30,"column":12}},"10":{"start":{"line":31,"column":0},"end":{"line":31,"column":23}}},"fnMap":{"0":{"name":"(anonymous_6)","decl":{"start":{"line":5,"column":1},"end":{"line":5,"column":null}},"loc":{"start":{"line":5,"column":1},"end":{"line":10,"column":1}}}},"branchMap":{"0":{"loc":{"start":{"line":6,"column":25},"end":{"line":6,"column":45}},"type":"binary-expr","locations":[{"start":{"line":6,"column":25},"end":{"line":6,"column":45}},{"start":{"line":6,"column":49},"end":{"line":6,"column":62}}]}},"s":{"0":6,"1":6,"2":6,"3":6,"4":6,"5":6,"6":6,"7":6,"8":6,"9":6,"10":6},"f":{"0":6},"b":{"0":[6,0]}}
,"/Users/harbs/Projects/mercadolibre/meliBackend/src/controllers/category.controller.ts": {"path":"/Users/harbs/Projects/mercadolibre/meliBackend/src/controllers/category.controller.ts","statementMap":{"0":{"start":{"line":2,"column":0},"end":{"line":2,"column":59}},"1":{"start":{"line":4,"column":0},"end":{"line":4,"column":null}},"2":{"start":{"line":5,"column":21},"end":{"line":5,"column":61}},"3":{"start":{"line":7,"column":4},"end":{"line":12,"column":null}},"4":{"start":{"line":9,"column":26},"end":{"line":12,"column":null}},"5":{"start":{"line":11,"column":15},"end":{"line":11,"column":79}},"6":{"start":{"line":11,"column":8},"end":{"line":11,"column":79}},"7":{"start":{"line":13,"column":0},"end":{"line":13,"column":null}},"8":{"start":{"line":15,"column":0},"end":{"line":15,"column":34}}},"fnMap":{"0":{"name":"(anonymous_14)","decl":{"start":{"line":4,"column":0},"end":{"line":4,"column":null}},"loc":{"start":{"line":4,"column":0},"end":{"line":13,"column":null}}},"1":{"name":"(anonymous_16)","decl":{"start":{"line":7,"column":24},"end":{"line":7,"column":null}},"loc":{"start":{"line":9,"column":26},"end":{"line":12,"column":null}}},"2":{"name":"(anonymous_17)","decl":{"start":{"line":9,"column":26},"end":{"line":9,"column":null}},"loc":{"start":{"line":9,"column":26},"end":{"line":12,"column":null}}}},"branchMap":{"0":{"loc":{"start":{"line":11,"column":15},"end":{"line":11,"column":79}},"type":"switch","locations":[{"start":{"line":11,"column":15},"end":{"line":11,"column":79}},{"start":{"line":11,"column":8},"end":{"line":11,"column":79}}]}},"s":{"0":4,"1":8,"2":4,"3":4,"4":2,"5":2,"6":2,"7":4,"8":4},"f":{"0":8,"1":2,"2":2},"b":{"0":[2,2]}}
,"/Users/harbs/Projects/mercadolibre/meliBackend/src/controllers/item.controller.ts": {"path":"/Users/harbs/Projects/mercadolibre/meliBackend/src/controllers/item.controller.ts","statementMap":{"0":{"start":{"line":2,"column":0},"end":{"line":2,"column":51}},"1":{"start":{"line":4,"column":0},"end":{"line":4,"column":null}},"2":{"start":{"line":5,"column":21},"end":{"line":5,"column":53}},"3":{"start":{"line":7,"column":4},"end":{"line":12,"column":null}},"4":{"start":{"line":9,"column":26},"end":{"line":12,"column":null}},"5":{"start":{"line":11,"column":15},"end":{"line":11,"column":69}},"6":{"start":{"line":11,"column":8},"end":{"line":11,"column":69}},"7":{"start":{"line":13,"column":0},"end":{"line":13,"column":null}},"8":{"start":{"line":15,"column":0},"end":{"line":15,"column":30}}},"fnMap":{"0":{"name":"(anonymous_14)","decl":{"start":{"line":4,"column":0},"end":{"line":4,"column":null}},"loc":{"start":{"line":4,"column":0},"end":{"line":13,"column":null}}},"1":{"name":"(anonymous_16)","decl":{"start":{"line":7,"column":18},"end":{"line":7,"column":null}},"loc":{"start":{"line":9,"column":26},"end":{"line":12,"column":null}}},"2":{"name":"(anonymous_17)","decl":{"start":{"line":9,"column":26},"end":{"line":9,"column":null}},"loc":{"start":{"line":9,"column":26},"end":{"line":12,"column":null}}}},"branchMap":{"0":{"loc":{"start":{"line":11,"column":15},"end":{"line":11,"column":69}},"type":"switch","locations":[{"start":{"line":11,"column":15},"end":{"line":11,"column":69}},{"start":{"line":11,"column":8},"end":{"line":11,"column":69}}]}},"s":{"0":4,"1":8,"2":4,"3":4,"4":3,"5":3,"6":3,"7":4,"8":4},"f":{"0":8,"1":3,"2":3},"b":{"0":[3,3]}}
,"/Users/harbs/Projects/mercadolibre/meliBackend/src/controllers/search.controller.ts": {"path":"/Users/harbs/Projects/mercadolibre/meliBackend/src/controllers/search.controller.ts","statementMap":{"0":{"start":{"line":2,"column":0},"end":{"line":2,"column":55}},"1":{"start":{"line":4,"column":0},"end":{"line":4,"column":null}},"2":{"start":{"line":5,"column":21},"end":{"line":5,"column":57}},"3":{"start":{"line":7,"column":4},"end":{"line":12,"column":null}},"4":{"start":{"line":9,"column":26},"end":{"line":12,"column":null}},"5":{"start":{"line":11,"column":15},"end":{"line":11,"column":73}},"6":{"start":{"line":11,"column":8},"end":{"line":11,"column":73}},"7":{"start":{"line":13,"column":0},"end":{"line":13,"column":null}},"8":{"start":{"line":15,"column":0},"end":{"line":15,"column":32}}},"fnMap":{"0":{"name":"(anonymous_14)","decl":{"start":{"line":4,"column":0},"end":{"line":4,"column":null}},"loc":{"start":{"line":4,"column":0},"end":{"line":13,"column":null}}},"1":{"name":"(anonymous_16)","decl":{"start":{"line":7,"column":20},"end":{"line":7,"column":null}},"loc":{"start":{"line":9,"column":26},"end":{"line":12,"column":null}}},"2":{"name":"(anonymous_17)","decl":{"start":{"line":9,"column":26},"end":{"line":9,"column":null}},"loc":{"start":{"line":9,"column":26},"end":{"line":12,"column":null}}}},"branchMap":{"0":{"loc":{"start":{"line":11,"column":15},"end":{"line":11,"column":73}},"type":"switch","locations":[{"start":{"line":11,"column":15},"end":{"line":11,"column":73}},{"start":{"line":11,"column":8},"end":{"line":11,"column":73}}]}},"s":{"0":4,"1":8,"2":4,"3":4,"4":3,"5":3,"6":3,"7":4,"8":4},"f":{"0":8,"1":3,"2":3},"b":{"0":[3,3]}}
,"/Users/harbs/Projects/mercadolibre/meliBackend/src/helpers/mapper.helper.ts": {"path":"/Users/harbs/Projects/mercadolibre/meliBackend/src/helpers/mapper.helper.ts","statementMap":{"0":{"start":{"line":1,"column":0},"end":{"line":1,"column":50}},"1":{"start":{"line":6,"column":0},"end":{"line":6,"column":null}},"2":{"start":{"line":7,"column":21},"end":{"line":7,"column":49}},"3":{"start":{"line":8,"column":21},"end":{"line":8,"column":48}},"4":{"start":{"line":10,"column":4},"end":{"line":20,"column":null}},"5":{"start":{"line":11,"column":48},"end":{"line":14,"column":10}},"6":{"start":{"line":16,"column":8},"end":{"line":16,"column":47}},"7":{"start":{"line":17,"column":8},"end":{"line":17,"column":70}},"8":{"start":{"line":19,"column":8},"end":{"line":19,"column":28}},"9":{"start":{"line":22,"column":4},"end":{"line":34,"column":null}},"10":{"start":{"line":23,"column":44},"end":{"line":27,"column":10}},"11":{"start":{"line":29,"column":8},"end":{"line":29,"column":47}},"12":{"start":{"line":30,"column":8},"end":{"line":30,"column":74}},"13":{"start":{"line":31,"column":8},"end":{"line":31,"column":55}},"14":{"start":{"line":33,"column":8},"end":{"line":33,"column":28}},"15":{"start":{"line":36,"column":4},"end":{"line":38,"column":null}},"16":{"start":{"line":37,"column":7},"end":{"line":37,"column":null}},"17":{"start":{"line":40,"column":4},"end":{"line":52,"column":null}},"18":{"start":{"line":41,"column":35},"end":{"line":41,"column":37}},"19":{"start":{"line":43,"column":8},"end":{"line":45,"column":11}},"20":{"start":{"line":44,"column":12},"end":{"line":44,"column":43}},"21":{"start":{"line":47,"column":8},"end":{"line":51,"column":10}},"22":{"start":{"line":54,"column":4},"end":{"line":74,"column":null}},"23":{"start":{"line":55,"column":35},"end":{"line":55,"column":37}},"24":{"start":{"line":57,"column":8},"end":{"line":71,"column":11}},"25":{"start":{"line":58,"column":31},"end":{"line":58,"column":81}},"26":{"start":{"line":58,"column":58},"end":{"line":58,"column":81}},"27":{"start":{"line":60,"column":12},"end":{"line":70,"column":null}},"28":{"start":{"line":61,"column":16},"end":{"line":69,"column":null}},"29":{"start":{"line":62,"column":20},"end":{"line":68,"column":null}},"30":{"start":{"line":63,"column":24},"end":{"line":67,"column":null}},"31":{"start":{"line":64,"column":28},"end":{"line":66,"column":null}},"32":{"start":{"line":65,"column":32},"end":{"line":65,"column":58}},"33":{"start":{"line":73,"column":8},"end":{"line":73,"column":26}},"34":{"start":{"line":76,"column":4},"end":{"line":90,"column":null}},"35":{"start":{"line":77,"column":8},"end":{"line":89,"column":10}},"36":{"start":{"line":92,"column":4},"end":{"line":107,"column":null}},"37":{"start":{"line":93,"column":8},"end":{"line":106,"column":11}},"38":{"start":{"line":94,"column":12},"end":{"line":105,"column":14}},"39":{"start":{"line":109,"column":0},"end":{"line":109,"column":null}},"40":{"start":{"line":111,"column":0},"end":{"line":111,"column":22}}},"fnMap":{"0":{"name":"(anonymous_0)","decl":{"start":{"line":6,"column":0},"end":{"line":6,"column":null}},"loc":{"start":{"line":6,"column":0},"end":{"line":109,"column":null}}},"1":{"name":"(anonymous_2)","decl":{"start":{"line":10,"column":14},"end":{"line":10,"column":15}},"loc":{"start":{"line":10,"column":85},"end":{"line":20,"column":5}}},"2":{"name":"(anonymous_3)","decl":{"start":{"line":22,"column":16},"end":{"line":22,"column":17}},"loc":{"start":{"line":22,"column":58},"end":{"line":34,"column":5}}},"3":{"name":"(anonymous_4)","decl":{"start":{"line":36,"column":16},"end":{"line":36,"column":null}},"loc":{"start":{"line":36,"column":16},"end":{"line":38,"column":5}}},"4":{"name":"(anonymous_5)","decl":{"start":{"line":40,"column":18},"end":{"line":40,"column":19}},"loc":{"start":{"line":40,"column":50},"end":{"line":52,"column":5}}},"5":{"name":"(anonymous_6)","decl":{"start":{"line":43,"column":44},"end":{"line":43,"column":45}},"loc":{"start":{"line":43,"column":53},"end":{"line":45,"column":9}}},"6":{"name":"(anonymous_7)","decl":{"start":{"line":54,"column":20},"end":{"line":54,"column":21}},"loc":{"start":{"line":54,"column":57},"end":{"line":74,"column":5}}},"7":{"name":"(anonymous_8)","decl":{"start":{"line":57,"column":22},"end":{"line":57,"column":26}},"loc":{"start":{"line":57,"column":26},"end":{"line":71,"column":9}}},"8":{"name":"(anonymous_9)","decl":{"start":{"line":58,"column":46},"end":{"line":58,"column":47}},"loc":{"start":{"line":58,"column":53},"end":{"line":58,"column":59}}},"9":{"name":"(anonymous_10)","decl":{"start":{"line":61,"column":35},"end":{"line":61,"column":36}},"loc":{"start":{"line":61,"column":44},"end":{"line":69,"column":17}}},"10":{"name":"(anonymous_11)","decl":{"start":{"line":62,"column":39},"end":{"line":62,"column":40}},"loc":{"start":{"line":62,"column":51},"end":{"line":68,"column":21}}},"11":{"name":"(anonymous_12)","decl":{"start":{"line":64,"column":58},"end":{"line":64,"column":59}},"loc":{"start":{"line":64,"column":67},"end":{"line":66,"column":29}}},"12":{"name":"(anonymous_13)","decl":{"start":{"line":76,"column":14},"end":{"line":76,"column":15}},"loc":{"start":{"line":76,"column":81},"end":{"line":90,"column":5}}},"13":{"name":"(anonymous_14)","decl":{"start":{"line":92,"column":15},"end":{"line":92,"column":16}},"loc":{"start":{"line":92,"column":38},"end":{"line":107,"column":5}}},"14":{"name":"(anonymous_15)","decl":{"start":{"line":93,"column":25},"end":{"line":93,"column":26}},"loc":{"start":{"line":93,"column":30},"end":{"line":106,"column":9}}}},"branchMap":{"0":{"loc":{"start":{"line":60,"column":12},"end":{"line":70,"column":null}},"type":"if","locations":[{"start":{"line":60,"column":12},"end":{"line":70,"column":null}},{"start":{"line":60,"column":12},"end":{"line":70,"column":null}}]},"1":{"loc":{"start":{"line":63,"column":24},"end":{"line":67,"column":null}},"type":"if","locations":[{"start":{"line":63,"column":24},"end":{"line":67,"column":null}},{"start":{"line":63,"column":24},"end":{"line":67,"column":null}}]},"2":{"loc":{"start":{"line":104,"column":42},"end":{"line":104,"column":44}},"type":"cond-expr","locations":[{"start":{"line":104,"column":42},"end":{"line":104,"column":44}},{"start":{"line":104,"column":42},"end":{"line":104,"column":54}}]},"3":{"loc":{"start":{"line":104,"column":21},"end":{"line":104,"column":44}},"type":"binary-expr","locations":[{"start":{"line":104,"column":21},"end":{"line":104,"column":44}},{"start":{"line":104,"column":42},"end":{"line":104,"column":44}}]}},"s":{"0":5,"1":24,"2":19,"3":19,"4":19,"5":2,"6":2,"7":2,"8":2,"9":19,"10":4,"11":4,"12":4,"13":4,"14":4,"15":19,"16":7,"17":19,"18":2,"19":2,"20":10,"21":2,"22":19,"23":5,"24":5,"25":28,"26":12,"27":28,"28":28,"29":4,"30":4,"31":2,"32":6,"33":5,"34":19,"35":3,"36":19,"37":5,"38":28,"39":5,"40":5},"f":{"0":24,"1":2,"2":4,"3":7,"4":2,"5":10,"6":5,"7":28,"8":12,"9":4,"10":4,"11":6,"12":3,"13":5,"14":28},"b":{"0":[28,0],"1":[2,2],"2":[0,28],"3":[28,28]}}
,"/Users/harbs/Projects/mercadolibre/meliBackend/src/middlewares/error.middleware.ts": {"path":"/Users/harbs/Projects/mercadolibre/meliBackend/src/middlewares/error.middleware.ts","statementMap":{"0":{"start":{"line":10,"column":19},"end":{"line":10,"column":38}},"1":{"start":{"line":11,"column":20},"end":{"line":11,"column":59}},"2":{"start":{"line":12,"column":4},"end":{"line":15,"column":7}},"3":{"start":{"line":18,"column":0},"end":{"line":18,"column":31}}},"fnMap":{"0":{"name":"errorMiddleware","decl":{"start":{"line":4,"column":9},"end":{"line":4,"column":24}},"loc":{"start":{"line":8,"column":22},"end":{"line":16,"column":1}}}},"branchMap":{"0":{"loc":{"start":{"line":10,"column":19},"end":{"line":10,"column":31}},"type":"binary-expr","locations":[{"start":{"line":10,"column":19},"end":{"line":10,"column":31}},{"start":{"line":10,"column":35},"end":{"line":10,"column":38}}]},"1":{"loc":{"start":{"line":11,"column":20},"end":{"line":11,"column":33}},"type":"binary-expr","locations":[{"start":{"line":11,"column":20},"end":{"line":11,"column":33}},{"start":{"line":11,"column":37},"end":{"line":11,"column":59}}]}},"s":{"0":0,"1":0,"2":0,"3":4},"f":{"0":0},"b":{"0":[0,0],"1":[0,0]}}
,"/Users/harbs/Projects/mercadolibre/meliBackend/src/routes/index.route.ts": {"path":"/Users/harbs/Projects/mercadolibre/meliBackend/src/routes/index.route.ts","statementMap":{"0":{"start":{"line":1,"column":0},"end":{"line":1,"column":52}},"1":{"start":{"line":2,"column":0},"end":{"line":2,"column":73}},"2":{"start":{"line":3,"column":0},"end":{"line":3,"column":60}},"3":{"start":{"line":4,"column":0},"end":{"line":4,"column":64}},"4":{"start":{"line":5,"column":0},"end":{"line":5,"column":68}},"5":{"start":{"line":7,"column":15},"end":{"line":7,"column":23}},"6":{"start":{"line":8,"column":25},"end":{"line":8,"column":47}},"7":{"start":{"line":9,"column":23},"end":{"line":9,"column":43}},"8":{"start":{"line":10,"column":27},"end":{"line":10,"column":51}},"9":{"start":{"line":11,"column":19},"end":{"line":11,"column":48}},"10":{"start":{"line":14,"column":0},"end":{"line":18,"column":3}},"11":{"start":{"line":15,"column":4},"end":{"line":17,"column":7}},"12":{"start":{"line":20,"column":0},"end":{"line":32,"column":2}},"13":{"start":{"line":26,"column":23},"end":{"line":26,"column":48}},"14":{"start":{"line":27,"column":8},"end":{"line":29,"column":null}},"15":{"start":{"line":28,"column":12},"end":{"line":28,"column":73}},"16":{"start":{"line":30,"column":8},"end":{"line":30,"column":58}},"17":{"start":{"line":34,"column":0},"end":{"line":39,"column":2}},"18":{"start":{"line":37,"column":8},"end":{"line":37,"column":54}},"19":{"start":{"line":41,"column":0},"end":{"line":46,"column":2}},"20":{"start":{"line":44,"column":8},"end":{"line":44,"column":64}},"21":{"start":{"line":47,"column":0},"end":{"line":47,"column":22}}},"fnMap":{"0":{"name":"(anonymous_1)","decl":{"start":{"line":14,"column":16},"end":{"line":14,"column":17}},"loc":{"start":{"line":14,"column":53},"end":{"line":18,"column":1}}},"1":{"name":"(anonymous_2)","decl":{"start":{"line":25,"column":4},"end":{"line":25,"column":5}},"loc":{"start":{"line":25,"column":41},"end":{"line":31,"column":5}}},"2":{"name":"(anonymous_3)","decl":{"start":{"line":36,"column":4},"end":{"line":36,"column":5}},"loc":{"start":{"line":36,"column":41},"end":{"line":38,"column":5}}},"3":{"name":"(anonymous_4)","decl":{"start":{"line":43,"column":4},"end":{"line":43,"column":5}},"loc":{"start":{"line":43,"column":41},"end":{"line":45,"column":5}}}},"branchMap":{"0":{"loc":{"start":{"line":27,"column":8},"end":{"line":29,"column":null}},"type":"if","locations":[{"start":{"line":27,"column":8},"end":{"line":29,"column":null}},{"start":{"line":27,"column":8},"end":{"line":29,"column":null}}]}},"s":{"0":4,"1":4,"2":4,"3":4,"4":4,"5":4,"6":4,"7":4,"8":4,"9":4,"10":4,"11":1,"12":4,"13":4,"14":4,"15":1,"16":3,"17":4,"18":3,"19":4,"20":2,"21":4},"f":{"0":1,"1":4,"2":3,"3":2},"b":{"0":[1,3]}}
,"/Users/harbs/Projects/mercadolibre/meliBackend/src/services/category.service.ts": {"path":"/Users/harbs/Projects/mercadolibre/meliBackend/src/services/category.service.ts","statementMap":{"0":{"start":{"line":2,"column":0},"end":{"line":2,"column":54}},"1":{"start":{"line":3,"column":0},"end":{"line":3,"column":46}},"2":{"start":{"line":5,"column":0},"end":{"line":5,"column":null}},"3":{"start":{"line":6,"column":21},"end":{"line":6,"column":41}},"4":{"start":{"line":8,"column":4},"end":{"line":33,"column":null}},"5":{"start":{"line":10,"column":26},"end":{"line":33,"column":null}},"6":{"start":{"line":14,"column":20},"end":{"line":14,"column":27}},"7":{"start":{"line":16,"column":12},"end":{"line":20,"column":19}},"8":{"start":{"line":17,"column":16},"end":{"line":20,"column":19}},"9":{"start":{"line":22,"column":45},"end":{"line":22,"column":null}},"10":{"start":{"line":22,"column":26},"end":{"line":22,"column":45}},"11":{"start":{"line":23,"column":18},"end":{"line":23,"column":73}},"12":{"start":{"line":25,"column":12},"end":{"line":25,"column":59}},"13":{"start":{"line":27,"column":12},"end":{"line":31,"column":15}},"14":{"start":{"line":34,"column":0},"end":{"line":34,"column":null}},"15":{"start":{"line":36,"column":0},"end":{"line":36,"column":31}}},"fnMap":{"0":{"name":"(anonymous_14)","decl":{"start":{"line":5,"column":0},"end":{"line":5,"column":null}},"loc":{"start":{"line":5,"column":0},"end":{"line":34,"column":null}}},"1":{"name":"(anonymous_16)","decl":{"start":{"line":8,"column":24},"end":{"line":8,"column":null}},"loc":{"start":{"line":10,"column":26},"end":{"line":33,"column":null}}},"2":{"name":"(anonymous_17)","decl":{"start":{"line":10,"column":26},"end":{"line":10,"column":null}},"loc":{"start":{"line":10,"column":26},"end":{"line":33,"column":null}}}},"branchMap":{"0":{"loc":{"start":{"line":16,"column":12},"end":{"line":20,"column":19}},"type":"if","locations":[{"start":{"line":16,"column":12},"end":{"line":20,"column":19}},{"start":{"line":16,"column":12},"end":{"line":20,"column":19}}]}},"s":{"0":4,"1":4,"2":8,"3":4,"4":4,"5":2,"6":2,"7":2,"8":0,"9":2,"10":2,"11":1,"12":1,"13":1,"14":4,"15":4},"f":{"0":8,"1":2,"2":2},"b":{"0":[0,2]}}
,"/Users/harbs/Projects/mercadolibre/meliBackend/src/services/item.service.ts": {"path":"/Users/harbs/Projects/mercadolibre/meliBackend/src/services/item.service.ts","statementMap":{"0":{"start":{"line":2,"column":0},"end":{"line":2,"column":64}},"1":{"start":{"line":3,"column":0},"end":{"line":3,"column":46}},"2":{"start":{"line":5,"column":0},"end":{"line":5,"column":null}},"3":{"start":{"line":6,"column":21},"end":{"line":6,"column":41}},"4":{"start":{"line":8,"column":4},"end":{"line":34,"column":null}},"5":{"start":{"line":10,"column":26},"end":{"line":34,"column":null}},"6":{"start":{"line":14,"column":20},"end":{"line":14,"column":27}},"7":{"start":{"line":16,"column":12},"end":{"line":20,"column":19}},"8":{"start":{"line":17,"column":16},"end":{"line":20,"column":19}},"9":{"start":{"line":22,"column":37},"end":{"line":22,"column":null}},"10":{"start":{"line":22,"column":26},"end":{"line":22,"column":37}},"11":{"start":{"line":23,"column":45},"end":{"line":23,"column":null}},"12":{"start":{"line":23,"column":26},"end":{"line":23,"column":45}},"13":{"start":{"line":24,"column":18},"end":{"line":24,"column":78}},"14":{"start":{"line":26,"column":12},"end":{"line":26,"column":59}},"15":{"start":{"line":28,"column":12},"end":{"line":32,"column":15}},"16":{"start":{"line":35,"column":0},"end":{"line":35,"column":null}},"17":{"start":{"line":37,"column":0},"end":{"line":37,"column":27}}},"fnMap":{"0":{"name":"(anonymous_14)","decl":{"start":{"line":5,"column":0},"end":{"line":5,"column":null}},"loc":{"start":{"line":5,"column":0},"end":{"line":35,"column":null}}},"1":{"name":"(anonymous_16)","decl":{"start":{"line":8,"column":18},"end":{"line":8,"column":null}},"loc":{"start":{"line":10,"column":26},"end":{"line":34,"column":null}}},"2":{"name":"(anonymous_17)","decl":{"start":{"line":10,"column":26},"end":{"line":10,"column":null}},"loc":{"start":{"line":10,"column":26},"end":{"line":34,"column":null}}}},"branchMap":{"0":{"loc":{"start":{"line":16,"column":12},"end":{"line":20,"column":19}},"type":"if","locations":[{"start":{"line":16,"column":12},"end":{"line":20,"column":19}},{"start":{"line":16,"column":12},"end":{"line":20,"column":19}}]}},"s":{"0":4,"1":4,"2":8,"3":4,"4":4,"5":3,"6":3,"7":3,"8":0,"9":3,"10":3,"11":1,"12":1,"13":1,"14":1,"15":2,"16":4,"17":4},"f":{"0":8,"1":3,"2":3},"b":{"0":[0,3]}}
,"/Users/harbs/Projects/mercadolibre/meliBackend/src/services/search.service.ts": {"path":"/Users/harbs/Projects/mercadolibre/meliBackend/src/services/search.service.ts","statementMap":{"0":{"start":{"line":2,"column":0},"end":{"line":2,"column":47}},"1":{"start":{"line":3,"column":0},"end":{"line":3,"column":46}},"2":{"start":{"line":5,"column":0},"end":{"line":5,"column":null}},"3":{"start":{"line":6,"column":21},"end":{"line":6,"column":41}},"4":{"start":{"line":8,"column":4},"end":{"line":33,"column":null}},"5":{"start":{"line":10,"column":26},"end":{"line":33,"column":null}},"6":{"start":{"line":14,"column":18},"end":{"line":14,"column":33}},"7":{"start":{"line":16,"column":12},"end":{"line":20,"column":19}},"8":{"start":{"line":17,"column":16},"end":{"line":20,"column":19}},"9":{"start":{"line":22,"column":37},"end":{"line":22,"column":null}},"10":{"start":{"line":22,"column":25},"end":{"line":22,"column":37}},"11":{"start":{"line":23,"column":18},"end":{"line":23,"column":89}},"12":{"start":{"line":25,"column":12},"end":{"line":25,"column":59}},"13":{"start":{"line":27,"column":12},"end":{"line":31,"column":15}},"14":{"start":{"line":34,"column":0},"end":{"line":34,"column":null}},"15":{"start":{"line":36,"column":0},"end":{"line":36,"column":29}}},"fnMap":{"0":{"name":"(anonymous_14)","decl":{"start":{"line":5,"column":0},"end":{"line":5,"column":null}},"loc":{"start":{"line":5,"column":0},"end":{"line":34,"column":null}}},"1":{"name":"(anonymous_16)","decl":{"start":{"line":8,"column":20},"end":{"line":8,"column":null}},"loc":{"start":{"line":10,"column":26},"end":{"line":33,"column":null}}},"2":{"name":"(anonymous_17)","decl":{"start":{"line":10,"column":26},"end":{"line":10,"column":null}},"loc":{"start":{"line":10,"column":26},"end":{"line":33,"column":null}}}},"branchMap":{"0":{"loc":{"start":{"line":16,"column":12},"end":{"line":20,"column":19}},"type":"if","locations":[{"start":{"line":16,"column":12},"end":{"line":20,"column":19}},{"start":{"line":16,"column":12},"end":{"line":20,"column":19}}]}},"s":{"0":4,"1":4,"2":8,"3":4,"4":4,"5":3,"6":3,"7":3,"8":0,"9":3,"10":3,"11":3,"12":3,"13":0,"14":4,"15":4},"f":{"0":8,"1":3,"2":3},"b":{"0":[0,3]}}
,"/Users/harbs/Projects/mercadolibre/meliBackend/src/utils/api.util.ts": {"path":"/Users/harbs/Projects/mercadolibre/meliBackend/src/utils/api.util.ts","statementMap":{"0":{"start":{"line":2,"column":0},"end":{"line":2,"column":25}},"1":{"start":{"line":3,"column":0},"end":{"line":3,"column":50}},"2":{"start":{"line":5,"column":12},"end":{"line":7,"column":2}},"3":{"start":{"line":9,"column":26},"end":{"line":11,"column":null}},"4":{"start":{"line":9,"column":55},"end":{"line":11,"column":null}},"5":{"start":{"line":10,"column":11},"end":{"line":10,"column":151}},"6":{"start":{"line":10,"column":4},"end":{"line":10,"column":151}},"7":{"start":{"line":9,"column":13},"end":{"line":9,"column":26}},"8":{"start":{"line":13,"column":23},"end":{"line":15,"column":null}},"9":{"start":{"line":13,"column":44},"end":{"line":15,"column":null}},"10":{"start":{"line":14,"column":11},"end":{"line":14,"column":68}},"11":{"start":{"line":14,"column":4},"end":{"line":14,"column":68}},"12":{"start":{"line":13,"column":13},"end":{"line":13,"column":23}},"13":{"start":{"line":17,"column":34},"end":{"line":19,"column":null}},"14":{"start":{"line":17,"column":55},"end":{"line":19,"column":null}},"15":{"start":{"line":18,"column":11},"end":{"line":18,"column":80}},"16":{"start":{"line":18,"column":4},"end":{"line":18,"column":80}},"17":{"start":{"line":17,"column":13},"end":{"line":17,"column":34}},"18":{"start":{"line":21,"column":33},"end":{"line":23,"column":null}},"19":{"start":{"line":21,"column":58},"end":{"line":23,"column":null}},"20":{"start":{"line":22,"column":11},"end":{"line":22,"column":77}},"21":{"start":{"line":22,"column":4},"end":{"line":22,"column":77}},"22":{"start":{"line":21,"column":13},"end":{"line":21,"column":33}}},"fnMap":{"0":{"name":"(anonymous_14)","decl":{"start":{"line":9,"column":26},"end":{"line":9,"column":33}},"loc":{"start":{"line":9,"column":55},"end":{"line":11,"column":null}}},"1":{"name":"(anonymous_15)","decl":{"start":{"line":9,"column":55},"end":{"line":9,"column":null}},"loc":{"start":{"line":9,"column":55},"end":{"line":11,"column":null}}},"2":{"name":"(anonymous_17)","decl":{"start":{"line":13,"column":23},"end":{"line":13,"column":30}},"loc":{"start":{"line":13,"column":44},"end":{"line":15,"column":null}}},"3":{"name":"(anonymous_18)","decl":{"start":{"line":13,"column":44},"end":{"line":13,"column":null}},"loc":{"start":{"line":13,"column":44},"end":{"line":15,"column":null}}},"4":{"name":"(anonymous_20)","decl":{"start":{"line":17,"column":34},"end":{"line":17,"column":41}},"loc":{"start":{"line":17,"column":55},"end":{"line":19,"column":null}}},"5":{"name":"(anonymous_21)","decl":{"start":{"line":17,"column":55},"end":{"line":17,"column":null}},"loc":{"start":{"line":17,"column":55},"end":{"line":19,"column":null}}},"6":{"name":"(anonymous_23)","decl":{"start":{"line":21,"column":33},"end":{"line":21,"column":40}},"loc":{"start":{"line":21,"column":58},"end":{"line":23,"column":null}}},"7":{"name":"(anonymous_24)","decl":{"start":{"line":21,"column":58},"end":{"line":21,"column":null}},"loc":{"start":{"line":21,"column":58},"end":{"line":23,"column":null}}}},"branchMap":{"0":{"loc":{"start":{"line":10,"column":11},"end":{"line":10,"column":151}},"type":"switch","locations":[{"start":{"line":10,"column":11},"end":{"line":10,"column":151}},{"start":{"line":10,"column":4},"end":{"line":10,"column":151}}]},"1":{"loc":{"start":{"line":10,"column":117},"end":{"line":10,"column":122}},"type":"cond-expr","locations":[{"start":{"line":10,"column":117},"end":{"line":10,"column":122}},{"start":{"line":10,"column":125},"end":{"line":10,"column":147}}]},"2":{"loc":{"start":{"line":14,"column":11},"end":{"line":14,"column":68}},"type":"switch","locations":[{"start":{"line":14,"column":11},"end":{"line":14,"column":68}},{"start":{"line":14,"column":4},"end":{"line":14,"column":68}}]},"3":{"loc":{"start":{"line":18,"column":11},"end":{"line":18,"column":80}},"type":"switch","locations":[{"start":{"line":18,"column":11},"end":{"line":18,"column":80}},{"start":{"line":18,"column":4},"end":{"line":18,"column":80}}]},"4":{"loc":{"start":{"line":22,"column":11},"end":{"line":22,"column":77}},"type":"switch","locations":[{"start":{"line":22,"column":11},"end":{"line":22,"column":77}},{"start":{"line":22,"column":4},"end":{"line":22,"column":77}}]}},"s":{"0":4,"1":4,"2":4,"3":4,"4":3,"5":3,"6":3,"7":4,"8":4,"9":3,"10":3,"11":3,"12":4,"13":4,"14":1,"15":1,"16":1,"17":4,"18":4,"19":2,"20":2,"21":2,"22":4},"f":{"0":3,"1":3,"2":3,"3":3,"4":1,"5":1,"6":2,"7":2},"b":{"0":[3,3],"1":[1,2],"2":[3,3],"3":[1,1],"4":[2,2]}}
,"/Users/harbs/Projects/mercadolibre/meliBackend/src/utils/env-checker.util.ts": {"path":"/Users/harbs/Projects/mercadolibre/meliBackend/src/utils/env-checker.util.ts","statementMap":{"0":{"start":{"line":1,"column":0},"end":{"line":1,"column":32}},"1":{"start":{"line":2,"column":0},"end":{"line":2,"column":25}},"2":{"start":{"line":4,"column":30},"end":{"line":4,"column":32}},"3":{"start":{"line":8,"column":2},"end":{"line":8,"column":76}},"4":{"start":{"line":10,"column":2},"end":{"line":15,"column":null}},"5":{"start":{"line":11,"column":4},"end":{"line":11,"column":30}},"6":{"start":{"line":13,"column":4},"end":{"line":13,"column":44}},"7":{"start":{"line":14,"column":4},"end":{"line":14,"column":74}},"8":{"start":{"line":7,"column":0},"end":{"line":7,"column":16}},"9":{"start":{"line":18,"column":40},"end":{"line":18,"column":42}},"10":{"start":{"line":18,"column":42},"end":{"line":18,"column":47}},"11":{"start":{"line":18,"column":47},"end":{"line":18,"column":54}},"12":{"start":{"line":18,"column":54},"end":{"line":18,"column":62}},"13":{"start":{"line":18,"column":62},"end":{"line":18,"column":79}},"14":{"start":{"line":19,"column":2},"end":{"line":21,"column":null}},"15":{"start":{"line":20,"column":4},"end":{"line":20,"column":26}},"16":{"start":{"line":22,"column":19},"end":{"line":37,"column":3}},"17":{"start":{"line":23,"column":21},"end":{"line":23,"column":46}},"18":{"start":{"line":24,"column":4},"end":{"line":26,"column":null}},"19":{"start":{"line":25,"column":6},"end":{"line":25,"column":18}},"20":{"start":{"line":28,"column":4},"end":{"line":30,"column":null}},"21":{"start":{"line":29,"column":6},"end":{"line":29,"column":19}},"22":{"start":{"line":32,"column":4},"end":{"line":34,"column":null}},"23":{"start":{"line":33,"column":6},"end":{"line":33,"column":30}},"24":{"start":{"line":36,"column":4},"end":{"line":36,"column":24}},"25":{"start":{"line":39,"column":2},"end":{"line":39,"column":37}},"26":{"start":{"line":18,"column":0},"end":{"line":18,"column":16}},"27":{"start":{"line":42,"column":26},"end":{"line":42,"column":null}},"28":{"start":{"line":42,"column":32},"end":{"line":42,"column":56}},"29":{"start":{"line":43,"column":2},"end":{"line":53,"column":null}},"30":{"start":{"line":44,"column":4},"end":{"line":44,"column":88}},"31":{"start":{"line":46,"column":4},"end":{"line":48,"column":null}},"32":{"start":{"line":46,"column":22},"end":{"line":46,"column":33}},"33":{"start":{"line":46,"column":18},"end":{"line":46,"column":22}},"34":{"start":{"line":47,"column":6},"end":{"line":47,"column":53}},"35":{"start":{"line":50,"column":4},"end":{"line":52,"column":null}},"36":{"start":{"line":51,"column":6},"end":{"line":51,"column":22}},"37":{"start":{"line":42,"column":0},"end":{"line":42,"column":16}},"38":{"start":{"line":56,"column":0},"end":{"line":60,"column":2}}},"fnMap":{"0":{"name":"loadEnvs","decl":{"start":{"line":7,"column":16},"end":{"line":7,"column":24}},"loc":{"start":{"line":7,"column":40},"end":{"line":16,"column":1}}},"1":{"name":"addEnv","decl":{"start":{"line":18,"column":16},"end":{"line":18,"column":22}},"loc":{"start":{"line":18,"column":79},"end":{"line":40,"column":1}}},"2":{"name":"(anonymous_8)","decl":{"start":{"line":22,"column":19},"end":{"line":22,"column":20}},"loc":{"start":{"line":22,"column":41},"end":{"line":37,"column":3}}},"3":{"name":"checkEnvs","decl":{"start":{"line":42,"column":16},"end":{"line":42,"column":25}},"loc":{"start":{"line":42,"column":71},"end":{"line":54,"column":1}}}},"branchMap":{"0":{"loc":{"start":{"line":10,"column":2},"end":{"line":15,"column":null}},"type":"if","locations":[{"start":{"line":10,"column":2},"end":{"line":15,"column":null}},{"start":{"line":10,"column":2},"end":{"line":15,"column":null}}]},"1":{"loc":{"start":{"line":18,"column":50},"end":{"line":18,"column":52}},"type":"cond-expr","locations":[{"start":{"line":18,"column":50},"end":{"line":18,"column":52}},{"start":{"line":18,"column":52},"end":{"line":18,"column":54}}]},"2":{"loc":{"start":{"line":18,"column":65},"end":{"line":18,"column":69}},"type":"cond-expr","locations":[{"start":{"line":18,"column":65},"end":{"line":18,"column":69}},{"start":{"line":18,"column":69},"end":{"line":18,"column":79}}]},"3":{"loc":{"start":{"line":19,"column":2},"end":{"line":21,"column":null}},"type":"if","locations":[{"start":{"line":19,"column":2},"end":{"line":21,"column":null}},{"start":{"line":19,"column":2},"end":{"line":21,"column":null}}]},"4":{"loc":{"start":{"line":19,"column":7},"end":{"line":19,"column":37}},"type":"binary-expr","locations":[{"start":{"line":19,"column":7},"end":{"line":19,"column":37}},{"start":{"line":19,"column":41},"end":{"line":19,"column":64}},{"start":{"line":19,"column":69},"end":{"line":19,"column":81}},{"start":{"line":19,"column":85},"end":{"line":19,"column":93}}]},"5":{"loc":{"start":{"line":23,"column":21},"end":{"line":23,"column":37}},"type":"binary-expr","locations":[{"start":{"line":23,"column":21},"end":{"line":23,"column":37}},{"start":{"line":23,"column":41},"end":{"line":23,"column":46}}]},"6":{"loc":{"start":{"line":24,"column":4},"end":{"line":26,"column":null}},"type":"if","locations":[{"start":{"line":24,"column":4},"end":{"line":26,"column":null}},{"start":{"line":24,"column":4},"end":{"line":26,"column":null}}]},"7":{"loc":{"start":{"line":28,"column":4},"end":{"line":30,"column":null}},"type":"if","locations":[{"start":{"line":28,"column":4},"end":{"line":30,"column":null}},{"start":{"line":28,"column":4},"end":{"line":30,"column":null}}]},"8":{"loc":{"start":{"line":32,"column":4},"end":{"line":34,"column":null}},"type":"if","locations":[{"start":{"line":32,"column":4},"end":{"line":34,"column":null}},{"start":{"line":32,"column":4},"end":{"line":34,"column":null}}]},"9":{"loc":{"start":{"line":42,"column":56},"end":{"line":42,"column":71}},"type":"cond-expr","locations":[{"start":{"line":42,"column":56},"end":{"line":42,"column":71}},{"start":{"line":42,"column":71},"end":{"line":42,"column":null}}]},"10":{"loc":{"start":{"line":43,"column":2},"end":{"line":53,"column":null}},"type":"if","locations":[{"start":{"line":43,"column":2},"end":{"line":53,"column":null}},{"start":{"line":43,"column":2},"end":{"line":53,"column":null}}]},"11":{"loc":{"start":{"line":50,"column":4},"end":{"line":52,"column":null}},"type":"if","locations":[{"start":{"line":50,"column":4},"end":{"line":52,"column":null}},{"start":{"line":50,"column":4},"end":{"line":52,"column":null}}]}},"s":{"0":6,"1":6,"2":6,"3":6,"4":6,"5":6,"6":0,"7":0,"8":6,"9":42,"10":42,"11":42,"12":42,"13":42,"14":42,"15":0,"16":42,"17":42,"18":42,"19":0,"20":42,"21":0,"22":42,"23":12,"24":30,"25":42,"26":6,"27":6,"28":6,"29":6,"30":0,"31":0,"32":0,"33":0,"34":0,"35":0,"36":0,"37":6,"38":6},"f":{"0":6,"1":42,"2":42,"3":6},"b":{"0":[6,0],"1":[24,18],"2":[24,18],"3":[0,42],"4":[42,42,0,0],"5":[42,0],"6":[0,42],"7":[0,42],"8":[12,30],"9":[6,0],"10":[0,6],"11":[0,0]}}
,"/Users/harbs/Projects/mercadolibre/meliBackend/src/utils/other.util.ts": {"path":"/Users/harbs/Projects/mercadolibre/meliBackend/src/utils/other.util.ts","statementMap":{"0":{"start":{"line":1,"column":0},"end":{"line":1,"column":51}},"1":{"start":{"line":3,"column":27},"end":{"line":5,"column":1}},"2":{"start":{"line":4,"column":4},"end":{"line":4,"column":148}},"3":{"start":{"line":3,"column":13},"end":{"line":3,"column":27}}},"fnMap":{"0":{"name":"(anonymous_1)","decl":{"start":{"line":3,"column":27},"end":{"line":3,"column":28}},"loc":{"start":{"line":3,"column":41},"end":{"line":5,"column":1}}}},"branchMap":{"0":{"loc":{"start":{"line":4,"column":131},"end":{"line":4,"column":136}},"type":"cond-expr","locations":[{"start":{"line":4,"column":131},"end":{"line":4,"column":136}},{"start":{"line":4,"column":139},"end":{"line":4,"column":144}}]}},"s":{"0":6,"1":6,"2":32,"3":6},"f":{"0":32},"b":{"0":[32,0]}}
}
