TN:
SF:src/app.ts
FN:12,(anonymous_1)
FN:15,App
FN:22,(anonymous_3)
FN:32,(anonymous_4)
FN:37,(anonymous_5)
FNF:5
FNH:5
FNDA:4,(anonymous_1)
FNDA:4,App
FNDA:4,(anonymous_3)
FNDA:4,(anonymous_4)
FNDA:4,(anonymous_5)
DA:1,4
DA:2,4
DA:3,4
DA:4,4
DA:5,4
DA:6,4
DA:7,4
DA:8,4
DA:10,4
DA:12,4
DA:16,4
DA:17,4
DA:18,4
DA:19,4
DA:22,4
DA:23,4
DA:24,4
DA:25,4
DA:32,4
DA:33,4
DA:34,4
DA:37,4
DA:38,4
DA:40,4
DA:42,4
LF:25
LH:25
BRF:0
BRH:0
end_of_record
TN:
SF:src/__tests__/unit/mock/search.mock.ts
FNF:0
FNH:0
DA:1,1
DA:30,1
DA:80,1
DA:93,1
DA:382,1
DA:412,1
LF:6
LH:6
BRF:0
BRH:0
end_of_record
TN:
SF:src/configs/environment.config.ts
FN:5,(anonymous_6)
FNF:1
FNH:1
FNDA:6,(anonymous_6)
DA:1,6
DA:2,6
DA:3,6
DA:5,6
DA:6,6
DA:7,6
DA:8,6
DA:9,6
DA:12,6
DA:30,6
DA:31,6
LF:11
LH:11
BRDA:6,0,0,6
BRDA:6,0,1,0
BRF:2
BRH:1
end_of_record
TN:
SF:src/controllers/category.controller.ts
FN:4,(anonymous_14)
FN:7,(anonymous_16)
FN:9,(anonymous_17)
FNF:3
FNH:3
FNDA:8,(anonymous_14)
FNDA:2,(anonymous_16)
FNDA:2,(anonymous_17)
DA:2,4
DA:4,8
DA:5,4
DA:7,4
DA:9,2
DA:11,2
DA:13,4
DA:15,4
LF:8
LH:8
BRDA:11,0,0,2
BRDA:11,0,1,2
BRF:2
BRH:2
end_of_record
TN:
SF:src/controllers/item.controller.ts
FN:4,(anonymous_14)
FN:7,(anonymous_16)
FN:9,(anonymous_17)
FNF:3
FNH:3
FNDA:8,(anonymous_14)
FNDA:3,(anonymous_16)
FNDA:3,(anonymous_17)
DA:2,4
DA:4,8
DA:5,4
DA:7,4
DA:9,3
DA:11,3
DA:13,4
DA:15,4
LF:8
LH:8
BRDA:11,0,0,3
BRDA:11,0,1,3
BRF:2
BRH:2
end_of_record
TN:
SF:src/controllers/search.controller.ts
FN:4,(anonymous_14)
FN:7,(anonymous_16)
FN:9,(anonymous_17)
FNF:3
FNH:3
FNDA:8,(anonymous_14)
FNDA:3,(anonymous_16)
FNDA:3,(anonymous_17)
DA:2,4
DA:4,8
DA:5,4
DA:7,4
DA:9,3
DA:11,3
DA:13,4
DA:15,4
LF:8
LH:8
BRDA:11,0,0,3
BRDA:11,0,1,3
BRF:2
BRH:2
end_of_record
TN:
SF:src/helpers/mapper.helper.ts
FN:6,(anonymous_0)
FN:10,(anonymous_2)
FN:22,(anonymous_3)
FN:36,(anonymous_4)
FN:40,(anonymous_5)
FN:43,(anonymous_6)
FN:54,(anonymous_7)
FN:57,(anonymous_8)
FN:58,(anonymous_9)
FN:61,(anonymous_10)
FN:62,(anonymous_11)
FN:64,(anonymous_12)
FN:76,(anonymous_13)
FN:92,(anonymous_14)
FN:93,(anonymous_15)
FNF:15
FNH:15
FNDA:24,(anonymous_0)
FNDA:2,(anonymous_2)
FNDA:4,(anonymous_3)
FNDA:7,(anonymous_4)
FNDA:2,(anonymous_5)
FNDA:10,(anonymous_6)
FNDA:5,(anonymous_7)
FNDA:28,(anonymous_8)
FNDA:12,(anonymous_9)
FNDA:4,(anonymous_10)
FNDA:4,(anonymous_11)
FNDA:6,(anonymous_12)
FNDA:3,(anonymous_13)
FNDA:5,(anonymous_14)
FNDA:28,(anonymous_15)
DA:1,5
DA:6,24
DA:7,19
DA:8,19
DA:10,19
DA:11,2
DA:16,2
DA:17,2
DA:19,2
DA:22,19
DA:23,4
DA:29,4
DA:30,4
DA:31,4
DA:33,4
DA:36,19
DA:37,7
DA:40,19
DA:41,2
DA:43,2
DA:44,10
DA:47,2
DA:54,19
DA:55,5
DA:57,5
DA:58,28
DA:60,28
DA:61,28
DA:62,4
DA:63,4
DA:64,2
DA:65,6
DA:73,5
DA:76,19
DA:77,3
DA:92,19
DA:93,5
DA:94,28
DA:109,5
DA:111,5
LF:40
LH:40
BRDA:60,0,0,28
BRDA:60,0,1,0
BRDA:63,1,0,2
BRDA:63,1,1,2
BRDA:104,2,0,0
BRDA:104,2,1,28
BRDA:104,3,0,28
BRDA:104,3,1,28
BRF:8
BRH:6
end_of_record
TN:
SF:src/middlewares/error.middleware.ts
FN:4,errorMiddleware
FNF:1
FNH:0
FNDA:0,errorMiddleware
DA:10,0
DA:11,0
DA:12,0
DA:18,4
LF:4
LH:1
BRDA:10,0,0,0
BRDA:10,0,1,0
BRDA:11,1,0,0
BRDA:11,1,1,0
BRF:4
BRH:0
end_of_record
TN:
SF:src/routes/index.route.ts
FN:14,(anonymous_1)
FN:25,(anonymous_2)
FN:36,(anonymous_3)
FN:43,(anonymous_4)
FNF:4
FNH:4
FNDA:1,(anonymous_1)
FNDA:4,(anonymous_2)
FNDA:3,(anonymous_3)
FNDA:2,(anonymous_4)
DA:1,4
DA:2,4
DA:3,4
DA:4,4
DA:5,4
DA:7,4
DA:8,4
DA:9,4
DA:10,4
DA:11,4
DA:14,4
DA:15,1
DA:20,4
DA:26,4
DA:27,4
DA:28,1
DA:30,3
DA:34,4
DA:37,3
DA:41,4
DA:44,2
DA:47,4
LF:22
LH:22
BRDA:27,0,0,1
BRDA:27,0,1,3
BRF:2
BRH:2
end_of_record
TN:
SF:src/services/category.service.ts
FN:5,(anonymous_14)
FN:8,(anonymous_16)
FN:10,(anonymous_17)
FNF:3
FNH:3
FNDA:8,(anonymous_14)
FNDA:2,(anonymous_16)
FNDA:2,(anonymous_17)
DA:2,4
DA:3,4
DA:5,8
DA:6,4
DA:8,4
DA:10,2
DA:14,2
DA:16,2
DA:17,0
DA:22,2
DA:23,1
DA:25,1
DA:27,1
DA:34,4
DA:36,4
LF:15
LH:14
BRDA:16,0,0,0
BRDA:16,0,1,2
BRF:2
BRH:1
end_of_record
TN:
SF:src/services/item.service.ts
FN:5,(anonymous_14)
FN:8,(anonymous_16)
FN:10,(anonymous_17)
FNF:3
FNH:3
FNDA:8,(anonymous_14)
FNDA:3,(anonymous_16)
FNDA:3,(anonymous_17)
DA:2,4
DA:3,4
DA:5,8
DA:6,4
DA:8,4
DA:10,3
DA:14,3
DA:16,3
DA:17,0
DA:22,3
DA:23,1
DA:24,1
DA:26,1
DA:28,2
DA:35,4
DA:37,4
LF:16
LH:15
BRDA:16,0,0,0
BRDA:16,0,1,3
BRF:2
BRH:1
end_of_record
TN:
SF:src/services/search.service.ts
FN:5,(anonymous_14)
FN:8,(anonymous_16)
FN:10,(anonymous_17)
FNF:3
FNH:3
FNDA:8,(anonymous_14)
FNDA:3,(anonymous_16)
FNDA:3,(anonymous_17)
DA:2,4
DA:3,4
DA:5,8
DA:6,4
DA:8,4
DA:10,3
DA:14,3
DA:16,3
DA:17,0
DA:22,3
DA:23,3
DA:25,3
DA:27,0
DA:34,4
DA:36,4
LF:15
LH:13
BRDA:16,0,0,0
BRDA:16,0,1,3
BRF:2
BRH:1
end_of_record
TN:
SF:src/utils/api.util.ts
FN:9,(anonymous_14)
FN:9,(anonymous_15)
FN:13,(anonymous_17)
FN:13,(anonymous_18)
FN:17,(anonymous_20)
FN:17,(anonymous_21)
FN:21,(anonymous_23)
FN:21,(anonymous_24)
FNF:8
FNH:8
FNDA:3,(anonymous_14)
FNDA:3,(anonymous_15)
FNDA:3,(anonymous_17)
FNDA:3,(anonymous_18)
FNDA:1,(anonymous_20)
FNDA:1,(anonymous_21)
FNDA:2,(anonymous_23)
FNDA:2,(anonymous_24)
DA:2,4
DA:3,4
DA:5,4
DA:9,4
DA:10,3
DA:13,4
DA:14,3
DA:17,4
DA:18,1
DA:21,4
DA:22,2
LF:11
LH:11
BRDA:10,0,0,3
BRDA:10,0,1,3
BRDA:10,1,0,1
BRDA:10,1,1,2
BRDA:14,2,0,3
BRDA:14,2,1,3
BRDA:18,3,0,1
BRDA:18,3,1,1
BRDA:22,4,0,2
BRDA:22,4,1,2
BRF:10
BRH:10
end_of_record
TN:
SF:src/utils/env-checker.util.ts
FN:7,loadEnvs
FN:18,addEnv
FN:22,(anonymous_8)
FN:42,checkEnvs
FNF:4
FNH:4
FNDA:6,loadEnvs
FNDA:42,addEnv
FNDA:42,(anonymous_8)
FNDA:6,checkEnvs
DA:1,6
DA:2,6
DA:4,6
DA:7,6
DA:8,6
DA:10,6
DA:11,6
DA:13,0
DA:14,0
DA:18,42
DA:19,42
DA:20,0
DA:22,42
DA:23,42
DA:24,42
DA:25,0
DA:28,42
DA:29,0
DA:32,42
DA:33,12
DA:36,30
DA:39,42
DA:42,6
DA:43,6
DA:44,0
DA:46,0
DA:47,0
DA:50,0
DA:51,0
DA:56,6
LF:30
LH:20
BRDA:10,0,0,6
BRDA:10,0,1,0
BRDA:18,1,0,24
BRDA:18,1,1,18
BRDA:18,2,0,24
BRDA:18,2,1,18
BRDA:19,3,0,0
BRDA:19,3,1,42
BRDA:19,4,0,42
BRDA:19,4,1,42
BRDA:19,4,2,0
BRDA:19,4,3,0
BRDA:23,5,0,42
BRDA:23,5,1,0
BRDA:24,6,0,0
BRDA:24,6,1,42
BRDA:28,7,0,0
BRDA:28,7,1,42
BRDA:32,8,0,12
BRDA:32,8,1,30
BRDA:42,9,0,6
BRDA:42,9,1,0
BRDA:43,10,0,0
BRDA:43,10,1,6
BRDA:50,11,0,0
BRDA:50,11,1,0
BRF:26
BRH:15
end_of_record
TN:
SF:src/utils/other.util.ts
FN:3,(anonymous_1)
FNF:1
FNH:1
FNDA:32,(anonymous_1)
DA:1,6
DA:3,6
DA:4,32
LF:3
LH:3
BRDA:4,0,0,32
BRDA:4,0,1,0
BRF:2
BRH:1
end_of_record
